01:30:04 **** Incremental Build of configuration Nios II for project lab5 ****
make all 
Info: Building ../lab5_bsp/
C:/altera/14.1/nios2eds/bin/gnu/H-x86_64-mingw32/bin/make --no-print-directory -C ../lab5_bsp/
[BSP build complete]
[lab5 build complete]
01:30:10 **** Build of configuration Nios II for project lab5 ****
make all 
Info: Building ../lab5_bsp/
C:/altera/14.1/nios2eds/bin/gnu/H-x86_64-mingw32/bin/make --no-print-directory -C ../lab5_bsp/
[BSP build complete]
[lab5 build complete]
01:30:12 **** Incremental Build of configuration Nios II for project lab5 ****
make all 
Info: Building ../lab5_bsp/
C:/altera/14.1/nios2eds/bin/gnu/H-x86_64-mingw32/bin/make --no-print-directory -C ../lab5_bsp/
[BSP build complete]
[lab5 build complete]
01:40:10 **** Build of configuration Nios II for project lab5 ****
make all 
Info: Building ../lab5_bsp/
C:/altera/14.1/nios2eds/bin/gnu/H-x86_64-mingw32/bin/make --no-print-directory -C ../lab5_bsp/
[BSP build complete]
[lab5 build complete]
01:40:13 **** Incremental Build of configuration Nios II for project lab5 ****
make all 
Info: Building ../lab5_bsp/
C:/altera/14.1/nios2eds/bin/gnu/H-x86_64-mingw32/bin/make --no-print-directory -C ../lab5_bsp/
[BSP build complete]
[lab5 build complete]
01:48:01 **** Build of configuration Nios II for project lab5 ****
make all 
Info: Building ../lab5_bsp/
C:/altera/14.1/nios2eds/bin/gnu/H-x86_64-mingw32/bin/make --no-print-directory -C ../lab5_bsp/
[BSP build complete]
[lab5 build complete]
01:48:03 **** Incremental Build of configuration Nios II for project lab5 ****
make all 
Info: Building ../lab5_bsp/
C:/altera/14.1/nios2eds/bin/gnu/H-x86_64-mingw32/bin/make --no-print-directory -C ../lab5_bsp/
[BSP build complete]
[lab5 build complete]
01:56:49 **** Build of configuration Nios II for project lab5 ****
make all 
Info: Building ../lab5_bsp/
C:/altera/14.1/nios2eds/bin/gnu/H-x86_64-mingw32/bin/make --no-print-directory -C ../lab5_bsp/
[BSP build complete]
[lab5 build complete]
01:56:51 **** Incremental Build of configuration Nios II for project lab5 ****
make all 
Info: Building ../lab5_bsp/
C:/altera/14.1/nios2eds/bin/gnu/H-x86_64-mingw32/bin/make --no-print-directory -C ../lab5_bsp/
[BSP build complete]
[lab5 build complete]
02:11:26 **** Build of configuration Nios II for project lab5 ****
make all 
Info: Building ../lab5_bsp/
C:/altera/14.1/nios2eds/bin/gnu/H-x86_64-mingw32/bin/make --no-print-directory -C ../lab5_bsp/
[BSP build complete]
[lab5 build complete]
02:11:29 **** Incremental Build of configuration Nios II for project lab5 ****
make all 
Info: Building ../lab5_bsp/
C:/altera/14.1/nios2eds/bin/gnu/H-x86_64-mingw32/bin/make --no-print-directory -C ../lab5_bsp/
[BSP build complete]
[lab5 build complete]
