15:14:27 **** Build of configuration Nios II for project lab5 ****
make all 
Info: Building ../lab5_bsp/
C:/altera/14.1/nios2eds/bin/gnu/H-x86_64-mingw32/bin/make --no-print-directory -C ../lab5_bsp/
[BSP build complete]
[lab5 build complete]
15:15:09 **** Incremental Build of configuration Nios II for project lab5 ****
make all 
Info: Building ../lab5_bsp/
C:/altera/14.1/nios2eds/bin/gnu/H-x86_64-mingw32/bin/make --no-print-directory -C ../lab5_bsp/
[BSP build complete]
[lab5 build complete]
15:37:16 **** Incremental Build of configuration Nios II for project lab5 ****
make all 
Info: Building ../lab5_bsp/
C:/altera/14.1/nios2eds/bin/gnu/H-x86_64-mingw32/bin/make --no-print-directory -C ../lab5_bsp/
[BSP build complete]
[lab5 build complete]
15:37:17 **** Build of configuration Nios II for project lab5_bsp ****
make all 
[BSP build complete]
15:37:23 **** Incremental Build of configuration Nios II for project lab5 ****
make all 
Info: Building ../lab5_bsp/
C:/altera/14.1/nios2eds/bin/gnu/H-x86_64-mingw32/bin/make --no-print-directory -C ../lab5_bsp/
[BSP build complete]
[lab5 build complete]
16:07:07 **** Incremental Build of configuration Nios II for project lab5 ****
make all 
Info: Building ../lab5_bsp/
C:/altera/14.1/nios2eds/bin/gnu/H-x86_64-mingw32/bin/make --no-print-directory -C ../lab5_bsp/
[BSP build complete]
[lab5 build complete]
18:50:04 **** Incremental Build of configuration Nios II for project lab5 ****
make all 
Info: Building ../lab5_bsp/
C:/altera/14.1/nios2eds/bin/gnu/H-x86_64-mingw32/bin/make --no-print-directory -C ../lab5_bsp/
[BSP build complete]
[lab5 build complete]
